build/app/intermediates/manifest_merge_blame_file/release/manifest-merger-blame-release-report.txt
1<?xml version="1.0" encoding="utf-8"?>
2<manifest xmlns:android="http://schemas.android.com/apk/res/android"
3    package="com.sa.gym"
4    android:versionCode="1"
5    android:versionName="1.0.0" >
6
7    <uses-sdk
8        android:minSdkVersion="21"
8-->src/main/AndroidManifest.xml
9        android:targetSdkVersion="31" />
9-->src/main/AndroidManifest.xml
10
11    <uses-permission android:name="android.permission.INTERNET" />
11-->src/main/AndroidManifest.xml:5:5-67
11-->src/main/AndroidManifest.xml:5:22-64
12    <uses-permission android:name="android.permission.WRITE_CALENDAR" />
12-->src/main/AndroidManifest.xml:6:5-73
12-->src/main/AndroidManifest.xml:6:22-70
13    <uses-permission android:name="android.permission.READ_CALENDAR" />
13-->src/main/AndroidManifest.xml:7:5-72
13-->src/main/AndroidManifest.xml:7:22-69
14
15    <queries>
15-->src/main/AndroidManifest.xml:68:5-70:15
16        <package android:name="com.facebook.katana" />
16-->src/main/AndroidManifest.xml:69:9-55
16-->src/main/AndroidManifest.xml:69:18-52
17    </queries>
18    <queries>
18-->src/main/AndroidManifest.xml:68:5-70:15
19        <intent>
19-->src/main/AndroidManifest.xml:73:9-76:18
20            <action android:name="android.intent.action.INSERT" />
20-->src/main/AndroidManifest.xml:74:13-67
20-->src/main/AndroidManifest.xml:74:21-64
21
22            <data android:mimeType="vnd.android.cursor.item/event" />
22-->src/main/AndroidManifest.xml:62:17-75
22-->src/main/AndroidManifest.xml:75:19-67
23        </intent>
24    </queries>
25
26    <uses-permission android:name="android.permission.ACCESS_NETWORK_STATE" />
26-->[com.google.firebase:firebase-auth:21.0.1] AndroidManifest.xml:24:5-79
26-->[com.google.firebase:firebase-auth:21.0.1] AndroidManifest.xml:24:22-76
27
28    <uses-feature
28-->[com.google.android.gms:play-services-maps:17.0.0] AndroidManifest.xml:26:5-28:35
29        android:glEsVersion="0x00020000"
29-->[com.google.android.gms:play-services-maps:17.0.0] AndroidManifest.xml:27:9-41
30        android:required="true" />
30-->[com.google.android.gms:play-services-maps:17.0.0] AndroidManifest.xml:28:9-32
31
32    <uses-permission android:name="com.google.android.finsky.permission.BIND_GET_INSTALL_REFERRER_SERVICE" />
32-->[com.android.installreferrer:installreferrer:1.0] AndroidManifest.xml:9:5-110
32-->[com.android.installreferrer:installreferrer:1.0] AndroidManifest.xml:9:22-107
33
34    <application
35        android:name="android.app.Application"
35-->src/main/AndroidManifest.xml:10:9-42
36        android:appComponentFactory="androidx.core.app.CoreComponentFactory"
36-->[androidx.core:core:1.6.0] AndroidManifest.xml:24:18-86
37        android:icon="@mipmap/ic_launcher"
37-->src/main/AndroidManifest.xml:11:9-43
38        android:label="gym"
38-->src/main/AndroidManifest.xml:12:9-28
39        android:supportsRtl="true" >
39-->[com.facebook.android:facebook-login:12.3.0] AndroidManifest.xml:28:18-44
40        <activity
40-->src/main/AndroidManifest.xml:13:9-34:20
41            android:name="com.sa.gym.MainActivity"
41-->src/main/AndroidManifest.xml:14:13-41
42            android:configChanges="orientation|keyboardHidden|keyboard|screenSize|smallestScreenSize|locale|layoutDirection|fontScale|screenLayout|density|uiMode"
42-->src/main/AndroidManifest.xml:15:13-163
43            android:exported="true"
43-->src/main/AndroidManifest.xml:16:13-36
44            android:hardwareAccelerated="true"
44-->src/main/AndroidManifest.xml:17:13-47
45            android:launchMode="singleTop"
45-->src/main/AndroidManifest.xml:18:13-43
46            android:theme="@style/LaunchTheme"
46-->src/main/AndroidManifest.xml:19:13-47
47            android:windowSoftInputMode="adjustResize" >
47-->src/main/AndroidManifest.xml:20:13-55
48
49            <!--
50                 Specifies an Android theme to apply to this Activity as soon as
51                 the Android process has started. This theme is visible to the user
52                 while the Flutter UI initializes. After that, this theme continues
53                 to determine the Window background behind the Flutter UI.
54            -->
55            <meta-data
55-->src/main/AndroidManifest.xml:25:13-27:57
56                android:name="io.flutter.embedding.android.NormalTheme"
56-->src/main/AndroidManifest.xml:26:17-72
57                android:resource="@style/NormalTheme" />
57-->src/main/AndroidManifest.xml:27:17-54
58
59            <intent-filter>
59-->src/main/AndroidManifest.xml:28:13-31:29
60                <action android:name="android.intent.action.MAIN" />
60-->src/main/AndroidManifest.xml:29:17-69
60-->src/main/AndroidManifest.xml:29:25-66
61
62                <category android:name="android.intent.category.LAUNCHER" />
62-->src/main/AndroidManifest.xml:30:17-77
62-->src/main/AndroidManifest.xml:30:27-74
63            </intent-filter>
64        </activity>
65        <!--
66             Don't delete the meta-data below.
67             This is used by the Flutter tool to generate GeneratedPluginRegistrant.java
68        -->
69        <meta-data
69-->src/main/AndroidManifest.xml:37:9-39:33
70            android:name="flutterEmbedding"
70-->src/main/AndroidManifest.xml:38:13-44
71            android:value="2" />
71-->src/main/AndroidManifest.xml:39:13-30
72        <meta-data
72-->src/main/AndroidManifest.xml:41:9-42:70
73            android:name="com.google.android.geo.API_KEY"
73-->src/main/AndroidManifest.xml:41:20-65
74            android:value="AIzaSyB6TpBy2p9RHB4k_T8KTyJ7bRmwIWuJBM4" />
74-->src/main/AndroidManifest.xml:42:13-68
75        <meta-data
75-->src/main/AndroidManifest.xml:44:9-46:55
76            android:name="com.facebook.sdk.ApplicationId"
76-->src/main/AndroidManifest.xml:45:13-58
77            android:value="@string/facebook_app_id" />
77-->src/main/AndroidManifest.xml:46:13-52
78        <meta-data
78-->src/main/AndroidManifest.xml:47:9-49:61
79            android:name="com.facebook.sdk.ClientToken"
79-->src/main/AndroidManifest.xml:48:13-56
80            android:value="@string/facebook_client_token" />
80-->src/main/AndroidManifest.xml:49:13-58
81
82        <activity
82-->src/main/AndroidManifest.xml:51:9-54:48
83            android:name="com.facebook.FacebookActivity"
83-->src/main/AndroidManifest.xml:51:19-63
84            android:configChanges="keyboard|keyboardHidden|screenLayout|screenSize|orientation"
84-->src/main/AndroidManifest.xml:52:13-113
85            android:label="@string/app_name"
85-->src/main/AndroidManifest.xml:54:13-45
86            android:theme="@style/com_facebook_activity_theme" />
86-->[com.facebook.android:facebook-common:12.3.0] AndroidManifest.xml:33:13-63
87        <activity
87-->src/main/AndroidManifest.xml:55:9-64:20
88            android:name="com.facebook.CustomTabActivity"
88-->src/main/AndroidManifest.xml:56:13-58
89            android:exported="true" >
89-->src/main/AndroidManifest.xml:57:13-36
90            <intent-filter>
90-->src/main/AndroidManifest.xml:58:13-63:29
91                <action android:name="android.intent.action.VIEW" />
91-->src/main/AndroidManifest.xml:59:17-69
91-->src/main/AndroidManifest.xml:59:25-66
92
93                <category android:name="android.intent.category.DEFAULT" />
93-->src/main/AndroidManifest.xml:60:17-76
93-->src/main/AndroidManifest.xml:60:27-73
94                <category android:name="android.intent.category.BROWSABLE" />
94-->src/main/AndroidManifest.xml:61:17-78
94-->src/main/AndroidManifest.xml:61:27-75
95
96                <data android:scheme="@string/fb_login_protocol_scheme" />
96-->src/main/AndroidManifest.xml:62:17-75
96-->src/main/AndroidManifest.xml:62:23-72
97            </intent-filter>
98            <intent-filter>
98-->[com.facebook.android:facebook-common:12.3.0] AndroidManifest.xml:39:13-48:29
99                <action android:name="android.intent.action.VIEW" />
99-->src/main/AndroidManifest.xml:59:17-69
99-->src/main/AndroidManifest.xml:59:25-66
100
101                <category android:name="android.intent.category.DEFAULT" />
101-->src/main/AndroidManifest.xml:60:17-76
101-->src/main/AndroidManifest.xml:60:27-73
102                <category android:name="android.intent.category.BROWSABLE" />
102-->src/main/AndroidManifest.xml:61:17-78
102-->src/main/AndroidManifest.xml:61:27-75
103
104                <data
104-->src/main/AndroidManifest.xml:62:17-75
105                    android:host="cct.com.sa.gym"
106                    android:scheme="fbconnect" />
106-->src/main/AndroidManifest.xml:62:23-72
107            </intent-filter>
108        </activity>
109
110        <service
110-->[:cloud_firestore] AndroidManifest.xml:8:9-12:19
111            android:name="com.google.firebase.components.ComponentDiscoveryService"
111-->[:cloud_firestore] AndroidManifest.xml:8:18-89
112            android:directBootAware="true"
112-->[com.google.firebase:firebase-common:20.0.0] AndroidManifest.xml:35:13-43
113            android:exported="false" >
113-->[com.google.firebase:firebase-auth:21.0.1] AndroidManifest.xml:76:13-37
114            <meta-data
114-->[:cloud_firestore] AndroidManifest.xml:9:13-11:85
115                android:name="com.google.firebase.components:io.flutter.plugins.firebase.firestore.FlutterFirebaseFirestoreRegistrar"
115-->[:cloud_firestore] AndroidManifest.xml:10:17-134
116                android:value="com.google.firebase.components.ComponentRegistrar" />
116-->[:cloud_firestore] AndroidManifest.xml:11:17-82
117            <meta-data
117-->[:firebase_auth] AndroidManifest.xml:9:13-11:85
118                android:name="com.google.firebase.components:io.flutter.plugins.firebase.auth.FlutterFirebaseAuthRegistrar"
118-->[:firebase_auth] AndroidManifest.xml:10:17-124
119                android:value="com.google.firebase.components.ComponentRegistrar" />
119-->[:firebase_auth] AndroidManifest.xml:11:17-82
120            <meta-data
120-->[:firebase_storage] AndroidManifest.xml:9:13-11:85
121                android:name="com.google.firebase.components:io.flutter.plugins.firebase.storage.FlutterFirebaseAppRegistrar"
121-->[:firebase_storage] AndroidManifest.xml:10:17-126
122                android:value="com.google.firebase.components.ComponentRegistrar" />
122-->[:firebase_storage] AndroidManifest.xml:11:17-82
123            <meta-data
123-->[:firebase_core] AndroidManifest.xml:9:13-11:85
124                android:name="com.google.firebase.components:io.flutter.plugins.firebase.core.FlutterFirebaseCoreRegistrar"
124-->[:firebase_core] AndroidManifest.xml:10:17-124
125                android:value="com.google.firebase.components.ComponentRegistrar" />
125-->[:firebase_core] AndroidManifest.xml:11:17-82
126            <meta-data
126-->[com.google.firebase:firebase-auth:21.0.1] AndroidManifest.xml:77:13-79:85
127                android:name="com.google.firebase.components:com.google.firebase.auth.FirebaseAuthRegistrar"
127-->[com.google.firebase:firebase-auth:21.0.1] AndroidManifest.xml:78:17-109
128                android:value="com.google.firebase.components.ComponentRegistrar" />
128-->[com.google.firebase:firebase-auth:21.0.1] AndroidManifest.xml:79:17-82
129            <meta-data
129-->[com.google.firebase:firebase-firestore:24.0.1] AndroidManifest.xml:20:13-22:85
130                android:name="com.google.firebase.components:com.google.firebase.firestore.FirestoreRegistrar"
130-->[com.google.firebase:firebase-firestore:24.0.1] AndroidManifest.xml:21:17-111
131                android:value="com.google.firebase.components.ComponentRegistrar" />
131-->[com.google.firebase:firebase-firestore:24.0.1] AndroidManifest.xml:22:17-82
132            <meta-data
132-->[com.google.firebase:firebase-storage:20.0.0] AndroidManifest.xml:33:13-35:85
133                android:name="com.google.firebase.components:com.google.firebase.storage.StorageRegistrar"
133-->[com.google.firebase:firebase-storage:20.0.0] AndroidManifest.xml:34:17-107
134                android:value="com.google.firebase.components.ComponentRegistrar" />
134-->[com.google.firebase:firebase-storage:20.0.0] AndroidManifest.xml:35:17-82
135        </service>
136
137        <provider
137-->[:image_picker] AndroidManifest.xml:8:9-16:20
138            android:name="io.flutter.plugins.imagepicker.ImagePickerFileProvider"
138-->[:image_picker] AndroidManifest.xml:9:13-82
139            android:authorities="com.sa.gym.flutter.image_provider"
139-->[:image_picker] AndroidManifest.xml:10:13-74
140            android:exported="false"
140-->[:image_picker] AndroidManifest.xml:11:13-37
141            android:grantUriPermissions="true" >
141-->[:image_picker] AndroidManifest.xml:12:13-47
142            <meta-data
142-->[:image_picker] AndroidManifest.xml:13:13-15:75
143                android:name="android.support.FILE_PROVIDER_PATHS"
143-->[:image_picker] AndroidManifest.xml:14:17-67
144                android:resource="@xml/flutter_image_picker_file_paths" />
144-->[:image_picker] AndroidManifest.xml:15:17-72
145        </provider>
146
147        <activity android:name="com.facebook.CustomTabMainActivity" />
147-->[com.facebook.android:facebook-common:12.3.0] AndroidManifest.xml:34:9-71
147-->[com.facebook.android:facebook-common:12.3.0] AndroidManifest.xml:34:19-68
148        <!--
149         The initialization ContentProvider will call FacebookSdk.sdkInitialize automatically
150         with the application context. This config is merged in with the host app's manifest,
151         but there can only be one provider with the same authority activated at any given
152         point; so if the end user has two or more different apps that use Facebook SDK, only the
153         first one will be able to use the provider. To work around this problem, we use the
154         following placeholder in the authority to identify each host application as if it was
155         a completely different provider.
156        -->
157        <provider
157-->[com.facebook.android:facebook-core:12.3.0] AndroidManifest.xml:39:9-42:40
158            android:name="com.facebook.internal.FacebookInitProvider"
158-->[com.facebook.android:facebook-core:12.3.0] AndroidManifest.xml:40:13-70
159            android:authorities="com.sa.gym.FacebookInitProvider"
159-->[com.facebook.android:facebook-core:12.3.0] AndroidManifest.xml:41:13-72
160            android:exported="false" />
160-->[com.facebook.android:facebook-core:12.3.0] AndroidManifest.xml:42:13-37
161
162        <receiver
162-->[com.facebook.android:facebook-core:12.3.0] AndroidManifest.xml:44:9-50:20
163            android:name="com.facebook.CurrentAccessTokenExpirationBroadcastReceiver"
163-->[com.facebook.android:facebook-core:12.3.0] AndroidManifest.xml:45:13-86
164            android:exported="false" >
164-->[com.facebook.android:facebook-core:12.3.0] AndroidManifest.xml:46:13-37
165            <intent-filter>
165-->[com.facebook.android:facebook-core:12.3.0] AndroidManifest.xml:47:13-49:29
166                <action android:name="com.facebook.sdk.ACTION_CURRENT_ACCESS_TOKEN_CHANGED" />
166-->[com.facebook.android:facebook-core:12.3.0] AndroidManifest.xml:48:17-95
166-->[com.facebook.android:facebook-core:12.3.0] AndroidManifest.xml:48:25-92
167            </intent-filter>
168        </receiver>
169        <receiver
169-->[com.facebook.android:facebook-core:12.3.0] AndroidManifest.xml:51:9-57:20
170            android:name="com.facebook.AuthenticationTokenManager$CurrentAuthenticationTokenChangedBroadcastReceiver"
170-->[com.facebook.android:facebook-core:12.3.0] AndroidManifest.xml:52:13-118
171            android:exported="false" >
171-->[com.facebook.android:facebook-core:12.3.0] AndroidManifest.xml:53:13-37
172            <intent-filter>
172-->[com.facebook.android:facebook-core:12.3.0] AndroidManifest.xml:54:13-56:29
173                <action android:name="com.facebook.sdk.ACTION_CURRENT_AUTHENTICATION_TOKEN_CHANGED" />
173-->[com.facebook.android:facebook-core:12.3.0] AndroidManifest.xml:55:17-103
173-->[com.facebook.android:facebook-core:12.3.0] AndroidManifest.xml:55:25-100
174            </intent-filter>
175        </receiver>
176
177        <uses-library
177-->[androidx.window:window:1.0.0-beta04] AndroidManifest.xml:25:9-27:40
178            android:name="androidx.window.extensions"
178-->[androidx.window:window:1.0.0-beta04] AndroidManifest.xml:26:13-54
179            android:required="false" />
179-->[androidx.window:window:1.0.0-beta04] AndroidManifest.xml:27:13-37
180        <uses-library
180-->[androidx.window:window:1.0.0-beta04] AndroidManifest.xml:28:9-30:40
181            android:name="androidx.window.sidecar"
181-->[androidx.window:window:1.0.0-beta04] AndroidManifest.xml:29:13-51
182            android:required="false" />
182-->[androidx.window:window:1.0.0-beta04] AndroidManifest.xml:30:13-37
183
184        <activity
184-->[com.google.firebase:firebase-auth:21.0.1] AndroidManifest.xml:27:9-44:20
185            android:name="com.google.firebase.auth.internal.GenericIdpActivity"
185-->[com.google.firebase:firebase-auth:21.0.1] AndroidManifest.xml:28:13-80
186            android:excludeFromRecents="true"
186-->[com.google.firebase:firebase-auth:21.0.1] AndroidManifest.xml:29:13-46
187            android:exported="true"
187-->[com.google.firebase:firebase-auth:21.0.1] AndroidManifest.xml:30:13-36
188            android:launchMode="singleTask"
188-->[com.google.firebase:firebase-auth:21.0.1] AndroidManifest.xml:31:13-44
189            android:theme="@android:style/Theme.Translucent.NoTitleBar" >
189-->[com.google.firebase:firebase-auth:21.0.1] AndroidManifest.xml:32:13-72
190            <intent-filter>
190-->[com.google.firebase:firebase-auth:21.0.1] AndroidManifest.xml:33:13-43:29
191                <action android:name="android.intent.action.VIEW" />
191-->src/main/AndroidManifest.xml:59:17-69
191-->src/main/AndroidManifest.xml:59:25-66
192
193                <category android:name="android.intent.category.DEFAULT" />
193-->src/main/AndroidManifest.xml:60:17-76
193-->src/main/AndroidManifest.xml:60:27-73
194                <category android:name="android.intent.category.BROWSABLE" />
194-->src/main/AndroidManifest.xml:61:17-78
194-->src/main/AndroidManifest.xml:61:27-75
195
196                <data
196-->src/main/AndroidManifest.xml:62:17-75
197                    android:host="firebase.auth"
198                    android:path="/"
199                    android:scheme="genericidp" />
199-->src/main/AndroidManifest.xml:62:23-72
200            </intent-filter>
201        </activity>
202        <activity
202-->[com.google.firebase:firebase-auth:21.0.1] AndroidManifest.xml:45:9-62:20
203            android:name="com.google.firebase.auth.internal.RecaptchaActivity"
203-->[com.google.firebase:firebase-auth:21.0.1] AndroidManifest.xml:46:13-79
204            android:excludeFromRecents="true"
204-->[com.google.firebase:firebase-auth:21.0.1] AndroidManifest.xml:47:13-46
205            android:exported="true"
205-->[com.google.firebase:firebase-auth:21.0.1] AndroidManifest.xml:48:13-36
206            android:launchMode="singleTask"
206-->[com.google.firebase:firebase-auth:21.0.1] AndroidManifest.xml:49:13-44
207            android:theme="@android:style/Theme.Translucent.NoTitleBar" >
207-->[com.google.firebase:firebase-auth:21.0.1] AndroidManifest.xml:50:13-72
208            <intent-filter>
208-->[com.google.firebase:firebase-auth:21.0.1] AndroidManifest.xml:51:13-61:29
209                <action android:name="android.intent.action.VIEW" />
209-->src/main/AndroidManifest.xml:59:17-69
209-->src/main/AndroidManifest.xml:59:25-66
210
211                <category android:name="android.intent.category.DEFAULT" />
211-->src/main/AndroidManifest.xml:60:17-76
211-->src/main/AndroidManifest.xml:60:27-73
212                <category android:name="android.intent.category.BROWSABLE" />
212-->src/main/AndroidManifest.xml:61:17-78
212-->src/main/AndroidManifest.xml:61:27-75
213
214                <data
214-->src/main/AndroidManifest.xml:62:17-75
215                    android:host="firebase.auth"
216                    android:path="/"
217                    android:scheme="recaptcha" />
217-->src/main/AndroidManifest.xml:62:23-72
218            </intent-filter>
219        </activity>
220
221        <service
221-->[com.google.firebase:firebase-auth:21.0.1] AndroidManifest.xml:64:9-73:19
222            android:name="com.google.firebase.auth.api.fallback.service.FirebaseAuthFallbackService"
222-->[com.google.firebase:firebase-auth:21.0.1] AndroidManifest.xml:65:13-101
223            android:enabled="true"
223-->[com.google.firebase:firebase-auth:21.0.1] AndroidManifest.xml:66:13-35
224            android:exported="false" >
224-->[com.google.firebase:firebase-auth:21.0.1] AndroidManifest.xml:67:13-37
225            <intent-filter>
225-->[com.google.firebase:firebase-auth:21.0.1] AndroidManifest.xml:68:13-72:29
226                <action android:name="com.google.firebase.auth.api.gms.service.START" />
226-->[com.google.firebase:firebase-auth:21.0.1] AndroidManifest.xml:69:17-89
226-->[com.google.firebase:firebase-auth:21.0.1] AndroidManifest.xml:69:25-86
227
228                <category android:name="android.intent.category.DEFAULT" />
228-->src/main/AndroidManifest.xml:60:17-76
228-->src/main/AndroidManifest.xml:60:27-73
229            </intent-filter>
230        </service>
231
232        <provider
232-->[com.google.firebase:firebase-common:20.0.0] AndroidManifest.xml:26:9-31:39
233            android:name="com.google.firebase.provider.FirebaseInitProvider"
233-->[com.google.firebase:firebase-common:20.0.0] AndroidManifest.xml:27:13-77
234            android:authorities="com.sa.gym.firebaseinitprovider"
234-->[com.google.firebase:firebase-common:20.0.0] AndroidManifest.xml:28:13-72
235            android:directBootAware="true"
235-->[com.google.firebase:firebase-common:20.0.0] AndroidManifest.xml:29:13-43
236            android:exported="false"
236-->[com.google.firebase:firebase-common:20.0.0] AndroidManifest.xml:30:13-37
237            android:initOrder="100" /> <!-- Needs to be explicitly declared on P+ -->
237-->[com.google.firebase:firebase-common:20.0.0] AndroidManifest.xml:31:13-36
238        <uses-library
238-->[com.google.android.gms:play-services-maps:17.0.0] AndroidManifest.xml:33:9-35:40
239            android:name="org.apache.http.legacy"
239-->[com.google.android.gms:play-services-maps:17.0.0] AndroidManifest.xml:34:13-50
240            android:required="false" />
240-->[com.google.android.gms:play-services-maps:17.0.0] AndroidManifest.xml:35:13-37
241
242        <activity
242-->[com.google.android.gms:play-services-auth:20.0.1] AndroidManifest.xml:23:9-27:75
243            android:name="com.google.android.gms.auth.api.signin.internal.SignInHubActivity"
243-->[com.google.android.gms:play-services-auth:20.0.1] AndroidManifest.xml:24:13-93
244            android:excludeFromRecents="true"
244-->[com.google.android.gms:play-services-auth:20.0.1] AndroidManifest.xml:25:13-46
245            android:exported="false"
245-->[com.google.android.gms:play-services-auth:20.0.1] AndroidManifest.xml:26:13-37
246            android:theme="@android:style/Theme.Translucent.NoTitleBar" />
246-->[com.google.android.gms:play-services-auth:20.0.1] AndroidManifest.xml:27:13-72
247        <!--
248            Service handling Google Sign-In user revocation. For apps that do not integrate with
249            Google Sign-In, this service will never be started.
250        -->
251        <service
251-->[com.google.android.gms:play-services-auth:20.0.1] AndroidManifest.xml:33:9-37:51
252            android:name="com.google.android.gms.auth.api.signin.RevocationBoundService"
252-->[com.google.android.gms:play-services-auth:20.0.1] AndroidManifest.xml:34:13-89
253            android:exported="true"
253-->[com.google.android.gms:play-services-auth:20.0.1] AndroidManifest.xml:35:13-36
254            android:permission="com.google.android.gms.auth.api.signin.permission.REVOCATION_NOTIFICATION"
254-->[com.google.android.gms:play-services-auth:20.0.1] AndroidManifest.xml:36:13-107
255            android:visibleToInstantApps="true" />
255-->[com.google.android.gms:play-services-auth:20.0.1] AndroidManifest.xml:37:13-48
256
257        <activity
257-->[com.google.android.gms:play-services-base:18.0.1] AndroidManifest.xml:20:9-22:45
258            android:name="com.google.android.gms.common.api.GoogleApiActivity"
258-->[com.google.android.gms:play-services-base:18.0.1] AndroidManifest.xml:20:19-85
259            android:exported="false"
259-->[com.google.android.gms:play-services-base:18.0.1] AndroidManifest.xml:22:19-43
260            android:theme="@android:style/Theme.Translucent.NoTitleBar" />
260-->[com.google.android.gms:play-services-base:18.0.1] AndroidManifest.xml:21:19-78
261
262        <meta-data
262-->[com.google.android.gms:play-services-basement:18.0.0] AndroidManifest.xml:21:9-23:69
263            android:name="com.google.android.gms.version"
263-->[com.google.android.gms:play-services-basement:18.0.0] AndroidManifest.xml:22:13-58
264            android:value="@integer/google_play_services_version" />
264-->[com.google.android.gms:play-services-basement:18.0.0] AndroidManifest.xml:23:13-66
265    </application>
266
267</manifest>